2021-05-21 08:42:31.969  INFO 21084 --- [RMI TCP Connection(296)-127.0.0.1] inMXBeanRegistrar$SpringApplicationAdmin : Application shutdown requested.
2021-05-21 08:42:33.591  INFO 21084 --- [RMI TCP Connection(296)-127.0.0.1] o.s.s.c.ThreadPoolTaskScheduler          : Shutting down ExecutorService 'taskScheduler'
2021-05-21 08:42:33.593  INFO 21084 --- [RMI TCP Connection(296)-127.0.0.1] o.s.s.concurrent.ThreadPoolTaskExecutor  : Shutting down ExecutorService 'applicationTaskExecutor'
2021-05-21 08:43:30.517  INFO 3824 --- [main] .w.c.SpringBootFinalCassandraApplication : Starting SpringBootFinalCassandraApplication using Java 15.0.2 on DESKTOP-QS7G212 with PID 3824 (C:\Users\hp\Documents\workspace-spring-tool-suite-4-4.10.0.RELEASE\spring-boot-final-cassandra\target\classes started by hp in C:\Users\hp\Documents\workspace-spring-tool-suite-4-4.10.0.RELEASE\spring-boot-final-cassandra)
2021-05-21 08:43:30.527  INFO 3824 --- [main] .w.c.SpringBootFinalCassandraApplication : No active profile set, falling back to default profiles: default
2021-05-21 08:43:36.218  INFO 3824 --- [main] .s.d.r.c.RepositoryConfigurationDelegate : Bootstrapping Spring Data Reactive Cassandra repositories in DEFAULT mode.
2021-05-21 08:43:36.384  INFO 3824 --- [main] .s.d.r.c.RepositoryConfigurationDelegate : Finished Spring Data repository scanning in 135 ms. Found 0 Reactive Cassandra repository interfaces.
2021-05-21 08:43:36.421  INFO 3824 --- [main] .s.d.r.c.RepositoryConfigurationDelegate : Bootstrapping Spring Data Cassandra repositories in DEFAULT mode.
2021-05-21 08:43:36.574  INFO 3824 --- [main] .s.d.r.c.RepositoryConfigurationDelegate : Finished Spring Data repository scanning in 151 ms. Found 1 Cassandra repository interfaces.
2021-05-21 08:43:38.032  INFO 3824 --- [main] trationDelegate$BeanPostProcessorChecker : Bean 'org.springframework.ws.config.annotation.DelegatingWsConfiguration' of type [org.springframework.ws.config.annotation.DelegatingWsConfiguration$$EnhancerBySpringCGLIB$$42817a48] is not eligible for getting processed by all BeanPostProcessors (for example: not eligible for auto-proxying)
2021-05-21 08:43:38.445  INFO 3824 --- [main] .w.s.a.s.AnnotationActionEndpointMapping : Supporting [WS-Addressing August 2004, WS-Addressing 1.0]
2021-05-21 08:43:40.568  INFO 3824 --- [main] o.s.b.w.embedded.tomcat.TomcatWebServer  : Tomcat initialized with port(s): 8080 (http)
2021-05-21 08:43:40.697  INFO 3824 --- [main] o.apache.catalina.core.StandardService   : Starting service [Tomcat]
2021-05-21 08:43:40.698  INFO 3824 --- [main] org.apache.catalina.core.StandardEngine  : Starting Servlet engine: [Apache Tomcat/9.0.45]
2021-05-21 08:43:41.514  INFO 3824 --- [main] o.a.c.c.C.[Tomcat].[localhost].[/]       : Initializing Spring embedded WebApplicationContext
2021-05-21 08:43:41.515  INFO 3824 --- [main] w.s.c.ServletWebServerApplicationContext : Root WebApplicationContext: initialization completed in 10532 ms
2021-05-21 08:43:43.232  INFO 3824 --- [main] c.d.o.d.internal.core.ContactPoints      : Contact point localhost:9042 resolves to multiple addresses, will use them all ([localhost/127.0.0.1, localhost/0:0:0:0:0:0:0:1])
2021-05-21 08:43:44.527  INFO 3824 --- [main] c.d.o.d.i.core.DefaultMavenCoordinates   : DataStax Java driver for Apache Cassandra(R) (com.datastax.oss:java-driver-core) version 4.9.0
2021-05-21 08:43:49.295  INFO 3824 --- [s0-admin-0] c.d.oss.driver.internal.core.time.Clock  : Using native clock for microsecond precision
2021-05-21 08:43:52.623  WARN 3824 --- [s0-admin-1] c.d.o.d.i.c.control.ControlConnection    : [s0] Error connecting to Node(endPoint=localhost/[0:0:0:0:0:0:0:1]:9042, hostId=null, hashCode=7936f336), trying next node (ConnectionInitException: [s0|control|connecting...] Protocol initialization request, step 1 (OPTIONS): failed to send request (io.netty.channel.StacklessClosedChannelException))
2021-05-21 08:43:55.786  WARN 3824 --- [s0-admin-0] c.d.o.d.i.c.l.h.OptionalLocalDcHelper    : [s0|default] You specified datacenter1 as the local DC, but some contact points are from a different DC: Node(endPoint=localhost/[0:0:0:0:0:0:0:1]:9042, hostId=null, hashCode=7936f336)=null; please provide the correct local DC, or check your contact points
2021-05-21 08:43:59.809  INFO 3824 --- [main] o.s.s.concurrent.ThreadPoolTaskExecutor  : Initializing ExecutorService 'applicationTaskExecutor'
2021-05-21 08:44:00.592  INFO 3824 --- [main] o.s.s.c.ThreadPoolTaskScheduler          : Initializing ExecutorService 'taskScheduler'
2021-05-21 08:44:00.838  INFO 3824 --- [main] o.s.b.w.embedded.tomcat.TomcatWebServer  : Tomcat started on port(s): 8080 (http) with context path ''
2021-05-21 08:44:00.840  INFO 3824 --- [main] d.s.w.p.DocumentationPluginsBootstrapper : Context refreshed
2021-05-21 08:44:00.916  INFO 3824 --- [main] d.s.w.p.DocumentationPluginsBootstrapper : Found 1 custom documentation plugin(s)
2021-05-21 08:44:00.957  INFO 3824 --- [main] s.d.s.w.s.ApiListingReferenceScanner     : Scanning for api listing references
2021-05-21 08:44:01.948  INFO 3824 --- [main] .w.c.SpringBootFinalCassandraApplication : Started SpringBootFinalCassandraApplication in 32.988 seconds (JVM running for 38.406)
2021-05-21 08:44:17.746  INFO 3824 --- [http-nio-8080-exec-1] o.a.c.c.C.[Tomcat].[localhost].[/]       : Initializing Spring DispatcherServlet 'dispatcherServlet'
2021-05-21 08:44:17.747  INFO 3824 --- [http-nio-8080-exec-1] o.s.web.servlet.DispatcherServlet        : Initializing Servlet 'dispatcherServlet'
2021-05-21 08:44:17.752  INFO 3824 --- [http-nio-8080-exec-1] o.s.web.servlet.DispatcherServlet        : Completed initialization in 4 ms
2021-05-21 08:44:41.182  INFO 3824 --- [http-nio-8080-exec-7] c.w.c.controller.StudentController       : ** Get dummy static data to DB **
2021-05-21 08:44:41.183  INFO 3824 --- [http-nio-8080-exec-7] c.w.c.service.StudentServiceImpl         : StudentServiceImpl : method name: getAllStudent
2021-05-21 08:44:41.185  INFO 3824 --- [http-nio-8080-exec-7] c.with.cassandra.helper.StudentHelper    : Getting All The Student Data 
2021-05-21 08:45:23.361  INFO 3824 --- [http-nio-8080-exec-2] c.w.c.controller.StudentController       : ** Created dummy static data to DB **
2021-05-21 08:45:23.362  INFO 3824 --- [http-nio-8080-exec-2] c.w.c.service.StudentServiceImpl         : StudentServiceImpl : method name: create, Description: post all the Student data
2021-05-21 08:45:23.364  INFO 3824 --- [http-nio-8080-exec-2] c.with.cassandra.helper.StudentHelper    : Entry of Student Details
2021-05-21 08:45:23.527  INFO 3824 --- [http-nio-8080-exec-2] c.with.cassandra.helper.StudentHelper    : Student Data was Vaild  
2021-05-21 08:45:23.527  INFO 3824 --- [http-nio-8080-exec-2] c.with.cassandra.helper.StudentHelper    : Entry of Student Details
2021-05-21 08:45:23.535  INFO 3824 --- [http-nio-8080-exec-2] c.with.cassandra.helper.StudentHelper    : Student Data was Vaild  
2021-05-21 08:45:56.285  INFO 3824 --- [http-nio-8080-exec-5] c.w.c.controller.StudentController       : ** Created dummy static data to DB **
2021-05-21 08:45:56.287  INFO 3824 --- [http-nio-8080-exec-5] c.w.c.service.StudentServiceImpl         : StudentServiceImpl : method name: create, Description: post all the Student data
2021-05-21 08:45:56.288  INFO 3824 --- [http-nio-8080-exec-5] c.with.cassandra.helper.StudentHelper    : Entry of Student Details
2021-05-21 08:45:56.312  INFO 3824 --- [http-nio-8080-exec-5] c.with.cassandra.helper.StudentHelper    : Student Data was Vaild  
2021-05-21 08:45:56.313  INFO 3824 --- [http-nio-8080-exec-5] c.with.cassandra.helper.StudentHelper    : Entry of Student Details
2021-05-21 08:45:56.334  INFO 3824 --- [http-nio-8080-exec-5] c.with.cassandra.helper.StudentHelper    : Student Data was Vaild  
2021-05-21 08:46:09.952  INFO 3824 --- [http-nio-8080-exec-3] c.w.c.controller.StudentController       : ** Get dummy static data to DB **
2021-05-21 08:46:09.953  INFO 3824 --- [http-nio-8080-exec-3] c.w.c.service.StudentServiceImpl         : StudentServiceImpl : method name: getAllStudent
2021-05-21 08:46:09.953  INFO 3824 --- [http-nio-8080-exec-3] c.with.cassandra.helper.StudentHelper    : Getting All The Student Data 
2021-05-21 08:55:15.638  INFO 3824 --- [http-nio-8080-exec-1] c.w.c.controller.StudentController       : ** Deleted dummy static data to DB **
2021-05-21 08:55:15.639  INFO 3824 --- [http-nio-8080-exec-1] c.w.c.service.StudentServiceImpl         : StudentServiceImpl : method name: delete, Description: deleted  the Student data
2021-05-21 08:55:15.640  INFO 3824 --- [http-nio-8080-exec-1] c.with.cassandra.helper.StudentHelper    :  Deleted Student details
2021-05-21 08:55:15.968  INFO 3824 --- [http-nio-8080-exec-1] c.with.cassandra.helper.StudentHelper    : Deleted Student Data was Valid
2021-05-21 08:55:24.038  INFO 3824 --- [http-nio-8080-exec-8] c.w.c.controller.StudentController       : ** Get dummy static data to DB **
2021-05-21 08:55:24.039  INFO 3824 --- [http-nio-8080-exec-8] c.w.c.service.StudentServiceImpl         : StudentServiceImpl : method name: getAllStudent
2021-05-21 08:55:24.040  INFO 3824 --- [http-nio-8080-exec-8] c.with.cassandra.helper.StudentHelper    : Getting All The Student Data 
2021-05-21 08:55:48.931  INFO 3824 --- [http-nio-8080-exec-10] c.w.c.controller.StudentController       : ** Deleted dummy static data to DB **
2021-05-21 08:55:48.933  INFO 3824 --- [http-nio-8080-exec-10] c.w.c.service.StudentServiceImpl         : StudentServiceImpl : method name: delete, Description: deleted  the Student data
2021-05-21 08:55:48.933  INFO 3824 --- [http-nio-8080-exec-10] c.with.cassandra.helper.StudentHelper    :  Deleted Student details
2021-05-21 08:55:48.950  INFO 3824 --- [http-nio-8080-exec-10] c.with.cassandra.helper.StudentHelper    : Deleted Student Data was Valid
2021-05-21 08:56:02.001  INFO 3824 --- [http-nio-8080-exec-9] c.w.c.controller.StudentController       : ** Deleted dummy static data to DB **
2021-05-21 08:56:02.002  INFO 3824 --- [http-nio-8080-exec-9] c.w.c.service.StudentServiceImpl         : StudentServiceImpl : method name: delete, Description: deleted  the Student data
2021-05-21 08:56:02.003  INFO 3824 --- [http-nio-8080-exec-9] c.with.cassandra.helper.StudentHelper    :  Deleted Student details
2021-05-21 08:56:02.010  INFO 3824 --- [http-nio-8080-exec-9] c.with.cassandra.helper.StudentHelper    : Deleted Student Data was Invaild
2021-05-21 08:56:12.712  INFO 3824 --- [http-nio-8080-exec-2] c.w.c.controller.StudentController       : ** Get dummy static data to DB **
2021-05-21 08:56:12.713  INFO 3824 --- [http-nio-8080-exec-2] c.w.c.service.StudentServiceImpl         : StudentServiceImpl : method name: getAllStudent
2021-05-21 08:56:12.714  INFO 3824 --- [http-nio-8080-exec-2] c.with.cassandra.helper.StudentHelper    : Getting All The Student Data 
2021-05-21 08:56:25.443  INFO 3824 --- [http-nio-8080-exec-4] c.w.c.controller.StudentController       : ** Deleted dummy static data to DB **
2021-05-21 08:56:25.444  INFO 3824 --- [http-nio-8080-exec-4] c.w.c.service.StudentServiceImpl         : StudentServiceImpl : method name: delete, Description: deleted  the Student data
2021-05-21 08:56:25.445  INFO 3824 --- [http-nio-8080-exec-4] c.with.cassandra.helper.StudentHelper    :  Deleted Student details
2021-05-21 08:56:25.479  INFO 3824 --- [http-nio-8080-exec-4] c.with.cassandra.helper.StudentHelper    : Deleted Student Data was Valid
2021-05-21 08:56:45.570  INFO 3824 --- [http-nio-8080-exec-5] c.w.c.controller.StudentController       : ** Get dummy static data to DB **
2021-05-21 08:56:45.571  INFO 3824 --- [http-nio-8080-exec-5] c.w.c.service.StudentServiceImpl         : StudentServiceImpl : method name: getAllStudent
2021-05-21 08:56:45.572  INFO 3824 --- [http-nio-8080-exec-5] c.with.cassandra.helper.StudentHelper    : Getting All The Student Data 
2021-05-21 11:03:12.653  INFO 3824 --- [RMI TCP Connection(144)-127.0.0.1] inMXBeanRegistrar$SpringApplicationAdmin : Application shutdown requested.
2021-05-21 11:03:13.239  INFO 3824 --- [RMI TCP Connection(144)-127.0.0.1] o.s.s.c.ThreadPoolTaskScheduler          : Shutting down ExecutorService 'taskScheduler'
2021-05-21 11:03:13.241  INFO 3824 --- [RMI TCP Connection(144)-127.0.0.1] o.s.s.concurrent.ThreadPoolTaskExecutor  : Shutting down ExecutorService 'applicationTaskExecutor'
2021-05-21 11:04:36.907  INFO 19304 --- [main] .w.c.SpringBootFinalCassandraApplication : Starting SpringBootFinalCassandraApplication using Java 15.0.2 on DESKTOP-QS7G212 with PID 19304 (C:\Users\hp\Documents\workspace-spring-tool-suite-4-4.10.0.RELEASE\spring-boot-final-cassandra\target\classes started by hp in C:\Users\hp\Documents\workspace-spring-tool-suite-4-4.10.0.RELEASE\spring-boot-final-cassandra)
2021-05-21 11:04:36.936  INFO 19304 --- [main] .w.c.SpringBootFinalCassandraApplication : No active profile set, falling back to default profiles: default
2021-05-21 11:04:43.401  INFO 19304 --- [main] .s.d.r.c.RepositoryConfigurationDelegate : Bootstrapping Spring Data Reactive Cassandra repositories in DEFAULT mode.
2021-05-21 11:04:43.563  INFO 19304 --- [main] .s.d.r.c.RepositoryConfigurationDelegate : Finished Spring Data repository scanning in 145 ms. Found 0 Reactive Cassandra repository interfaces.
2021-05-21 11:04:43.586  INFO 19304 --- [main] .s.d.r.c.RepositoryConfigurationDelegate : Bootstrapping Spring Data Cassandra repositories in DEFAULT mode.
2021-05-21 11:04:43.717  INFO 19304 --- [main] .s.d.r.c.RepositoryConfigurationDelegate : Finished Spring Data repository scanning in 129 ms. Found 1 Cassandra repository interfaces.
2021-05-21 11:04:44.735  INFO 19304 --- [main] trationDelegate$BeanPostProcessorChecker : Bean 'org.springframework.ws.config.annotation.DelegatingWsConfiguration' of type [org.springframework.ws.config.annotation.DelegatingWsConfiguration$$EnhancerBySpringCGLIB$$9931ae63] is not eligible for getting processed by all BeanPostProcessors (for example: not eligible for auto-proxying)
2021-05-21 11:04:45.136  INFO 19304 --- [main] .w.s.a.s.AnnotationActionEndpointMapping : Supporting [WS-Addressing August 2004, WS-Addressing 1.0]
2021-05-21 11:04:47.375  INFO 19304 --- [main] o.s.b.w.embedded.tomcat.TomcatWebServer  : Tomcat initialized with port(s): 8080 (http)
2021-05-21 11:04:47.541  INFO 19304 --- [main] o.apache.catalina.core.StandardService   : Starting service [Tomcat]
2021-05-21 11:04:47.544  INFO 19304 --- [main] org.apache.catalina.core.StandardEngine  : Starting Servlet engine: [Apache Tomcat/9.0.45]
2021-05-21 11:04:48.720  INFO 19304 --- [main] o.a.c.c.C.[Tomcat].[localhost].[/]       : Initializing Spring embedded WebApplicationContext
2021-05-21 11:04:48.724  INFO 19304 --- [main] w.s.c.ServletWebServerApplicationContext : Root WebApplicationContext: initialization completed in 11368 ms
2021-05-21 11:04:50.885  INFO 19304 --- [main] c.d.o.d.internal.core.ContactPoints      : Contact point localhost:9042 resolves to multiple addresses, will use them all ([localhost/127.0.0.1, localhost/0:0:0:0:0:0:0:1])
2021-05-21 11:04:51.654  INFO 19304 --- [main] c.d.o.d.i.core.DefaultMavenCoordinates   : DataStax Java driver for Apache Cassandra(R) (com.datastax.oss:java-driver-core) version 4.9.0
2021-05-21 11:04:55.556  INFO 19304 --- [s0-admin-0] c.d.oss.driver.internal.core.time.Clock  : Using native clock for microsecond precision
2021-05-21 11:04:58.126  WARN 19304 --- [s0-admin-0] c.d.o.d.i.c.l.h.OptionalLocalDcHelper    : [s0|default] You specified datacenter1 as the local DC, but some contact points are from a different DC: Node(endPoint=localhost/[0:0:0:0:0:0:0:1]:9042, hostId=null, hashCode=61b346d)=null; please provide the correct local DC, or check your contact points
2021-05-21 11:05:02.624  INFO 19304 --- [main] o.s.s.concurrent.ThreadPoolTaskExecutor  : Initializing ExecutorService 'applicationTaskExecutor'
2021-05-21 11:05:04.143  INFO 19304 --- [main] o.s.s.c.ThreadPoolTaskScheduler          : Initializing ExecutorService 'taskScheduler'
2021-05-21 11:05:04.607  INFO 19304 --- [main] o.s.b.w.embedded.tomcat.TomcatWebServer  : Tomcat started on port(s): 8080 (http) with context path ''
2021-05-21 11:05:04.611  INFO 19304 --- [main] d.s.w.p.DocumentationPluginsBootstrapper : Context refreshed
2021-05-21 11:05:04.704  INFO 19304 --- [main] d.s.w.p.DocumentationPluginsBootstrapper : Found 1 custom documentation plugin(s)
2021-05-21 11:05:04.761  INFO 19304 --- [main] s.d.s.w.s.ApiListingReferenceScanner     : Scanning for api listing references
2021-05-21 11:05:05.549  INFO 19304 --- [main] .w.c.SpringBootFinalCassandraApplication : Started SpringBootFinalCassandraApplication in 30.969 seconds (JVM running for 37.673)
2021-05-21 11:06:05.008  INFO 19304 --- [http-nio-8080-exec-1] o.a.c.c.C.[Tomcat].[localhost].[/]       : Initializing Spring DispatcherServlet 'dispatcherServlet'
2021-05-21 11:06:05.009  INFO 19304 --- [http-nio-8080-exec-1] o.s.web.servlet.DispatcherServlet        : Initializing Servlet 'dispatcherServlet'
2021-05-21 11:06:05.015  INFO 19304 --- [http-nio-8080-exec-1] o.s.web.servlet.DispatcherServlet        : Completed initialization in 4 ms
2021-05-21 11:06:25.110  INFO 19304 --- [http-nio-8080-exec-7] c.w.c.controller.StudentController       : ** Get dummy static data to DB **
2021-05-21 11:06:25.112  INFO 19304 --- [http-nio-8080-exec-7] c.w.c.service.StudentServiceImpl         : StudentServiceImpl : method name: getAllStudent
2021-05-21 11:06:25.112  INFO 19304 --- [http-nio-8080-exec-7] c.with.cassandra.helper.StudentHelper    : Getting All The Student Data 
2021-05-21 11:07:24.554  INFO 19304 --- [http-nio-8080-exec-1] c.w.c.controller.StudentController       : ** Created dummy static data to DB **
2021-05-21 11:07:24.556  INFO 19304 --- [http-nio-8080-exec-1] c.w.c.service.StudentServiceImpl         : StudentServiceImpl : method name: create, Description: post all the Student data
2021-05-21 11:07:26.723  INFO 19304 --- [http-nio-8080-exec-1] c.w.c.service.StudentServiceImpl         : ****** Exception Error Occured ******
2021-05-21 11:07:26.820 ERROR 19304 --- [http-nio-8080-exec-1] c.w.c.service.StudentServiceImpl         : Error while creating Student : 

org.springframework.data.cassandra.CassandraUncategorizedException: Query; CQL [com.datastax.oss.driver.internal.core.cql.DefaultSimpleStatement@60e6ebb6]; Query timed out after PT2S; nested exception is com.datastax.oss.driver.api.core.DriverTimeoutException: Query timed out after PT2S
	at org.springframework.data.cassandra.core.cql.CassandraExceptionTranslator.translate(CassandraExceptionTranslator.java:160) ~[spring-data-cassandra-3.1.8.jar:3.1.8]
	at org.springframework.data.cassandra.core.cql.CassandraAccessor.translate(CassandraAccessor.java:422) ~[spring-data-cassandra-3.1.8.jar:3.1.8]
	at org.springframework.data.cassandra.core.cql.CqlTemplate.translateException(CqlTemplate.java:764) ~[spring-data-cassandra-3.1.8.jar:3.1.8]
	at org.springframework.data.cassandra.core.cql.CqlTemplate.query(CqlTemplate.java:300) ~[spring-data-cassandra-3.1.8.jar:3.1.8]
	at org.springframework.data.cassandra.core.cql.CqlTemplate.query(CqlTemplate.java:320) ~[spring-data-cassandra-3.1.8.jar:3.1.8]
	at org.springframework.data.cassandra.core.CassandraTemplate.select(CassandraTemplate.java:337) ~[spring-data-cassandra-3.1.8.jar:3.1.8]
	at org.springframework.data.cassandra.repository.query.CassandraQueryExecution$SingleEntityExecution.execute(CassandraQueryExecution.java:162) ~[spring-data-cassandra-3.1.8.jar:3.1.8]
	at org.springframework.data.cassandra.repository.query.CassandraQueryExecution$ResultProcessingExecution.execute(CassandraQueryExecution.java:262) ~[spring-data-cassandra-3.1.8.jar:3.1.8]
	at org.springframework.data.cassandra.repository.query.AbstractCassandraQuery.execute(AbstractCassandraQuery.java:105) ~[spring-data-cassandra-3.1.8.jar:3.1.8]
	at org.springframework.data.repository.core.support.RepositoryMethodInvoker.doInvoke(RepositoryMethodInvoker.java:137) ~[spring-data-commons-2.4.8.jar:2.4.8]
	at org.springframework.data.repository.core.support.RepositoryMethodInvoker.invoke(RepositoryMethodInvoker.java:121) ~[spring-data-commons-2.4.8.jar:2.4.8]
	at org.springframework.data.repository.core.support.QueryExecutorMethodInterceptor.doInvoke(QueryExecutorMethodInterceptor.java:152) ~[spring-data-commons-2.4.8.jar:2.4.8]
	at org.springframework.data.repository.core.support.QueryExecutorMethodInterceptor.invoke(QueryExecutorMethodInterceptor.java:131) ~[spring-data-commons-2.4.8.jar:2.4.8]
	at org.springframework.aop.framework.ReflectiveMethodInvocation.proceed(ReflectiveMethodInvocation.java:186) ~[spring-aop-5.3.6.jar:5.3.6]
	at org.springframework.data.projection.DefaultMethodInvokingMethodInterceptor.invoke(DefaultMethodInvokingMethodInterceptor.java:80) ~[spring-data-commons-2.4.8.jar:2.4.8]
	at org.springframework.aop.framework.ReflectiveMethodInvocation.proceed(ReflectiveMethodInvocation.java:186) ~[spring-aop-5.3.6.jar:5.3.6]
	at org.springframework.aop.interceptor.ExposeInvocationInterceptor.invoke(ExposeInvocationInterceptor.java:97) ~[spring-aop-5.3.6.jar:5.3.6]
	at org.springframework.aop.framework.ReflectiveMethodInvocation.proceed(ReflectiveMethodInvocation.java:186) ~[spring-aop-5.3.6.jar:5.3.6]
	at org.springframework.aop.framework.JdkDynamicAopProxy.invoke(JdkDynamicAopProxy.java:215) ~[spring-aop-5.3.6.jar:5.3.6]
	at com.sun.proxy.$Proxy102.findByName(Unknown Source) ~[na:na]
	at curd.with.cassandra.helper.StudentHelper.findName(StudentHelper.java:90) ~[classes/:na]
	at curd.with.cassandra.service.StudentServiceImpl.create(StudentServiceImpl.java:45) ~[classes/:na]
	at curd.with.cassandra.controller.StudentController.createStudent(StudentController.java:75) ~[classes/:na]
	at java.base/jdk.internal.reflect.NativeMethodAccessorImpl.invoke0(Native Method) ~[na:na]
	at java.base/jdk.internal.reflect.NativeMethodAccessorImpl.invoke(NativeMethodAccessorImpl.java:64) ~[na:na]
	at java.base/jdk.internal.reflect.DelegatingMethodAccessorImpl.invoke(DelegatingMethodAccessorImpl.java:43) ~[na:na]
	at java.base/java.lang.reflect.Method.invoke(Method.java:564) ~[na:na]
	at org.springframework.web.method.support.InvocableHandlerMethod.doInvoke(InvocableHandlerMethod.java:197) ~[spring-web-5.3.6.jar:5.3.6]
	at org.springframework.web.method.support.InvocableHandlerMethod.invokeForRequest(InvocableHandlerMethod.java:141) ~[spring-web-5.3.6.jar:5.3.6]
	at org.springframework.web.servlet.mvc.method.annotation.ServletInvocableHandlerMethod.invokeAndHandle(ServletInvocableHandlerMethod.java:106) ~[spring-webmvc-5.3.6.jar:5.3.6]
	at org.springframework.web.servlet.mvc.method.annotation.RequestMappingHandlerAdapter.invokeHandlerMethod(RequestMappingHandlerAdapter.java:894) ~[spring-webmvc-5.3.6.jar:5.3.6]
	at org.springframework.web.servlet.mvc.method.annotation.RequestMappingHandlerAdapter.handleInternal(RequestMappingHandlerAdapter.java:808) ~[spring-webmvc-5.3.6.jar:5.3.6]
	at org.springframework.web.servlet.mvc.method.AbstractHandlerMethodAdapter.handle(AbstractHandlerMethodAdapter.java:87) ~[spring-webmvc-5.3.6.jar:5.3.6]
	at org.springframework.web.servlet.DispatcherServlet.doDispatch(DispatcherServlet.java:1060) ~[spring-webmvc-5.3.6.jar:5.3.6]
	at org.springframework.web.servlet.DispatcherServlet.doService(DispatcherServlet.java:962) ~[spring-webmvc-5.3.6.jar:5.3.6]
	at org.springframework.web.servlet.FrameworkServlet.processRequest(FrameworkServlet.java:1006) ~[spring-webmvc-5.3.6.jar:5.3.6]
	at org.springframework.web.servlet.FrameworkServlet.doPost(FrameworkServlet.java:909) ~[spring-webmvc-5.3.6.jar:5.3.6]
	at javax.servlet.http.HttpServlet.service(HttpServlet.java:652) ~[tomcat-embed-core-9.0.45.jar:4.0.FR]
	at org.springframework.web.servlet.FrameworkServlet.service(FrameworkServlet.java:883) ~[spring-webmvc-5.3.6.jar:5.3.6]
	at javax.servlet.http.HttpServlet.service(HttpServlet.java:733) ~[tomcat-embed-core-9.0.45.jar:4.0.FR]
	at org.apache.catalina.core.ApplicationFilterChain.internalDoFilter(ApplicationFilterChain.java:227) ~[tomcat-embed-core-9.0.45.jar:9.0.45]
	at org.apache.catalina.core.ApplicationFilterChain.doFilter(ApplicationFilterChain.java:162) ~[tomcat-embed-core-9.0.45.jar:9.0.45]
	at org.apache.tomcat.websocket.server.WsFilter.doFilter(WsFilter.java:53) ~[tomcat-embed-websocket-9.0.45.jar:9.0.45]
	at org.apache.catalina.core.ApplicationFilterChain.internalDoFilter(ApplicationFilterChain.java:189) ~[tomcat-embed-core-9.0.45.jar:9.0.45]
	at org.apache.catalina.core.ApplicationFilterChain.doFilter(ApplicationFilterChain.java:162) ~[tomcat-embed-core-9.0.45.jar:9.0.45]
	at org.springframework.web.filter.RequestContextFilter.doFilterInternal(RequestContextFilter.java:100) ~[spring-web-5.3.6.jar:5.3.6]
	at org.springframework.web.filter.OncePerRequestFilter.doFilter(OncePerRequestFilter.java:119) ~[spring-web-5.3.6.jar:5.3.6]
	at org.apache.catalina.core.ApplicationFilterChain.internalDoFilter(ApplicationFilterChain.java:189) ~[tomcat-embed-core-9.0.45.jar:9.0.45]
	at org.apache.catalina.core.ApplicationFilterChain.doFilter(ApplicationFilterChain.java:162) ~[tomcat-embed-core-9.0.45.jar:9.0.45]
	at org.springframework.web.filter.FormContentFilter.doFilterInternal(FormContentFilter.java:93) ~[spring-web-5.3.6.jar:5.3.6]
	at org.springframework.web.filter.OncePerRequestFilter.doFilter(OncePerRequestFilter.java:119) ~[spring-web-5.3.6.jar:5.3.6]
	at org.apache.catalina.core.ApplicationFilterChain.internalDoFilter(ApplicationFilterChain.java:189) ~[tomcat-embed-core-9.0.45.jar:9.0.45]
	at org.apache.catalina.core.ApplicationFilterChain.doFilter(ApplicationFilterChain.java:162) ~[tomcat-embed-core-9.0.45.jar:9.0.45]
	at org.springframework.web.filter.CharacterEncodingFilter.doFilterInternal(CharacterEncodingFilter.java:201) ~[spring-web-5.3.6.jar:5.3.6]
	at org.springframework.web.filter.OncePerRequestFilter.doFilter(OncePerRequestFilter.java:119) ~[spring-web-5.3.6.jar:5.3.6]
	at org.apache.catalina.core.ApplicationFilterChain.internalDoFilter(ApplicationFilterChain.java:189) ~[tomcat-embed-core-9.0.45.jar:9.0.45]
	at org.apache.catalina.core.ApplicationFilterChain.doFilter(ApplicationFilterChain.java:162) ~[tomcat-embed-core-9.0.45.jar:9.0.45]
	at org.apache.catalina.core.StandardWrapperValve.invoke(StandardWrapperValve.java:202) ~[tomcat-embed-core-9.0.45.jar:9.0.45]
	at org.apache.catalina.core.StandardContextValve.invoke(StandardContextValve.java:97) ~[tomcat-embed-core-9.0.45.jar:9.0.45]
	at org.apache.catalina.authenticator.AuthenticatorBase.invoke(AuthenticatorBase.java:542) ~[tomcat-embed-core-9.0.45.jar:9.0.45]
	at org.apache.catalina.core.StandardHostValve.invoke(StandardHostValve.java:143) ~[tomcat-embed-core-9.0.45.jar:9.0.45]
	at org.apache.catalina.valves.ErrorReportValve.invoke(ErrorReportValve.java:92) ~[tomcat-embed-core-9.0.45.jar:9.0.45]
	at org.apache.catalina.core.StandardEngineValve.invoke(StandardEngineValve.java:78) ~[tomcat-embed-core-9.0.45.jar:9.0.45]
	at org.apache.catalina.connector.CoyoteAdapter.service(CoyoteAdapter.java:357) ~[tomcat-embed-core-9.0.45.jar:9.0.45]
	at org.apache.coyote.http11.Http11Processor.service(Http11Processor.java:374) ~[tomcat-embed-core-9.0.45.jar:9.0.45]
	at org.apache.coyote.AbstractProcessorLight.process(AbstractProcessorLight.java:65) ~[tomcat-embed-core-9.0.45.jar:9.0.45]
	at org.apache.coyote.AbstractProtocol$ConnectionHandler.process(AbstractProtocol.java:893) ~[tomcat-embed-core-9.0.45.jar:9.0.45]
	at org.apache.tomcat.util.net.NioEndpoint$SocketProcessor.doRun(NioEndpoint.java:1707) ~[tomcat-embed-core-9.0.45.jar:9.0.45]
	at org.apache.tomcat.util.net.SocketProcessorBase.run(SocketProcessorBase.java:49) ~[tomcat-embed-core-9.0.45.jar:9.0.45]
	at java.base/java.util.concurrent.ThreadPoolExecutor.runWorker(ThreadPoolExecutor.java:1130) ~[na:na]
	at java.base/java.util.concurrent.ThreadPoolExecutor$Worker.run(ThreadPoolExecutor.java:630) ~[na:na]
	at org.apache.tomcat.util.threads.TaskThread$WrappingRunnable.run(TaskThread.java:61) ~[tomcat-embed-core-9.0.45.jar:9.0.45]
	at java.base/java.lang.Thread.run(Thread.java:832) ~[na:na]
Caused by: com.datastax.oss.driver.api.core.DriverTimeoutException: Query timed out after PT2S
	at com.datastax.oss.driver.api.core.DriverTimeoutException.copy(DriverTimeoutException.java:34) ~[java-driver-core-4.9.0.jar:na]
	at com.datastax.oss.driver.internal.core.util.concurrent.CompletableFutures.getUninterruptibly(CompletableFutures.java:149) ~[java-driver-core-4.9.0.jar:na]
	at com.datastax.oss.driver.internal.core.cql.CqlRequestSyncProcessor.process(CqlRequestSyncProcessor.java:53) ~[java-driver-core-4.9.0.jar:na]
	at com.datastax.oss.driver.internal.core.cql.CqlRequestSyncProcessor.process(CqlRequestSyncProcessor.java:30) ~[java-driver-core-4.9.0.jar:na]
	at com.datastax.oss.driver.internal.core.session.DefaultSession.execute(DefaultSession.java:230) ~[java-driver-core-4.9.0.jar:na]
	at com.datastax.oss.driver.api.core.cql.SyncCqlSession.execute(SyncCqlSession.java:54) ~[java-driver-core-4.9.0.jar:na]
	at org.springframework.data.cassandra.core.cql.CqlTemplate.query(CqlTemplate.java:298) ~[spring-data-cassandra-3.1.8.jar:3.1.8]
	... 69 common frames omitted

2021-05-21 11:09:47.746  INFO 19304 --- [http-nio-8080-exec-2] c.w.c.controller.StudentController       : ** Created dummy static data to DB **
2021-05-21 11:09:47.747  INFO 19304 --- [http-nio-8080-exec-2] c.w.c.service.StudentServiceImpl         : StudentServiceImpl : method name: create, Description: post all the Student data
2021-05-21 11:09:47.797  WARN 19304 --- [s0-io-3] c.d.o.d.i.core.cql.CqlRequestHandler     : Query '[1 values] SELECT count(name) FROM Student WHERE name =? ALLOW FILTERING [v0='monujain']' generated server side warning(s): Aggregation query used without partition key
2021-05-21 11:10:21.828  INFO 19304 --- [http-nio-8080-exec-5] c.w.c.controller.StudentController       : ** Created dummy static data to DB **
2021-05-21 11:10:21.831  INFO 19304 --- [http-nio-8080-exec-5] c.w.c.service.StudentServiceImpl         : StudentServiceImpl : method name: create, Description: post all the Student data
2021-05-21 11:10:21.848  WARN 19304 --- [s0-io-3] c.d.o.d.i.core.cql.CqlRequestHandler     : Query '[1 values] SELECT count(name) FROM Student WHERE name =? ALLOW FILTERING [v0='monujain']' generated server side warning(s): Aggregation query used without partition key
2021-05-21 11:10:28.463  INFO 19304 --- [http-nio-8080-exec-4] c.w.c.controller.StudentController       : ** Created dummy static data to DB **
2021-05-21 11:10:28.464  INFO 19304 --- [http-nio-8080-exec-4] c.w.c.service.StudentServiceImpl         : StudentServiceImpl : method name: create, Description: post all the Student data
2021-05-21 11:10:28.477  WARN 19304 --- [s0-io-3] c.d.o.d.i.core.cql.CqlRequestHandler     : Query '[1 values] SELECT count(name) FROM Student WHERE name =? ALLOW FILTERING [v0='monujain']' generated server side warning(s): Aggregation query used without partition key
2021-05-21 11:11:34.405  INFO 19304 --- [http-nio-8080-exec-3] c.w.c.controller.StudentController       : ** Created dummy static data to DB **
2021-05-21 11:11:34.406  INFO 19304 --- [http-nio-8080-exec-3] c.w.c.service.StudentServiceImpl         : StudentServiceImpl : method name: create, Description: post all the Student data
2021-05-21 11:11:34.425  WARN 19304 --- [s0-io-3] c.d.o.d.i.core.cql.CqlRequestHandler     : Query '[1 values] SELECT count(name) FROM Student WHERE name =? ALLOW FILTERING [v0='monujain']' generated server side warning(s): Aggregation query used without partition key
2021-05-21 11:11:52.297  INFO 19304 --- [http-nio-8080-exec-2] c.w.c.controller.StudentController       : ** Get dummy static data to DB **
2021-05-21 11:11:52.298  INFO 19304 --- [http-nio-8080-exec-2] c.w.c.service.StudentServiceImpl         : StudentServiceImpl : method name: getAllStudent
2021-05-21 11:11:52.299  INFO 19304 --- [http-nio-8080-exec-2] c.with.cassandra.helper.StudentHelper    : Getting All The Student Data 
2021-05-21 11:12:02.509  INFO 19304 --- [http-nio-8080-exec-5] c.w.c.controller.StudentController       : ** Created dummy static data to DB **
2021-05-21 11:12:02.510  INFO 19304 --- [http-nio-8080-exec-5] c.w.c.service.StudentServiceImpl         : StudentServiceImpl : method name: create, Description: post all the Student data
2021-05-21 11:12:02.524  WARN 19304 --- [s0-io-3] c.d.o.d.i.core.cql.CqlRequestHandler     : Query '[1 values] SELECT count(name) FROM Student WHERE name =? ALLOW FILTERING [v0='monujain']' generated server side warning(s): Aggregation query used without partition key
2021-05-21 11:12:16.237  INFO 19304 --- [http-nio-8080-exec-4] c.w.c.controller.StudentController       : ** Get dummy static data to DB **
2021-05-21 11:12:16.238  INFO 19304 --- [http-nio-8080-exec-4] c.w.c.service.StudentServiceImpl         : StudentServiceImpl : method name: getAllStudent
2021-05-21 11:12:16.241  INFO 19304 --- [http-nio-8080-exec-4] c.with.cassandra.helper.StudentHelper    : Getting All The Student Data 
2021-05-21 11:12:26.704  INFO 19304 --- [http-nio-8080-exec-9] c.w.c.controller.StudentController       : ** Created dummy static data to DB **
2021-05-21 11:12:26.705  INFO 19304 --- [http-nio-8080-exec-9] c.w.c.service.StudentServiceImpl         : StudentServiceImpl : method name: create, Description: post all the Student data
2021-05-21 11:12:26.728  WARN 19304 --- [s0-io-3] c.d.o.d.i.core.cql.CqlRequestHandler     : Query '[1 values] SELECT count(name) FROM Student WHERE name =? ALLOW FILTERING [v0='monujain']' generated server side warning(s): Aggregation query used without partition key
2021-05-21 11:12:35.473  INFO 19304 --- [http-nio-8080-exec-8] c.w.c.controller.StudentController       : ** Get dummy static data to DB **
2021-05-21 11:12:35.474  INFO 19304 --- [http-nio-8080-exec-8] c.w.c.service.StudentServiceImpl         : StudentServiceImpl : method name: getAllStudent
2021-05-21 11:12:35.475  INFO 19304 --- [http-nio-8080-exec-8] c.with.cassandra.helper.StudentHelper    : Getting All The Student Data 
2021-05-21 11:13:17.173  INFO 19304 --- [RMI TCP Connection(18)-127.0.0.1] inMXBeanRegistrar$SpringApplicationAdmin : Application shutdown requested.
2021-05-21 11:13:17.324  INFO 19304 --- [RMI TCP Connection(18)-127.0.0.1] o.s.s.c.ThreadPoolTaskScheduler          : Shutting down ExecutorService 'taskScheduler'
2021-05-21 11:13:17.325  INFO 19304 --- [RMI TCP Connection(18)-127.0.0.1] o.s.s.concurrent.ThreadPoolTaskExecutor  : Shutting down ExecutorService 'applicationTaskExecutor'
2021-05-21 11:14:04.221  INFO 15184 --- [main] .w.c.SpringBootFinalCassandraApplication : Starting SpringBootFinalCassandraApplication using Java 15.0.2 on DESKTOP-QS7G212 with PID 15184 (C:\Users\hp\Documents\workspace-spring-tool-suite-4-4.10.0.RELEASE\spring-boot-final-cassandra\target\classes started by hp in C:\Users\hp\Documents\workspace-spring-tool-suite-4-4.10.0.RELEASE\spring-boot-final-cassandra)
2021-05-21 11:14:04.244  INFO 15184 --- [main] .w.c.SpringBootFinalCassandraApplication : No active profile set, falling back to default profiles: default
2021-05-21 11:14:11.824  INFO 15184 --- [main] .s.d.r.c.RepositoryConfigurationDelegate : Bootstrapping Spring Data Reactive Cassandra repositories in DEFAULT mode.
2021-05-21 11:14:11.970  INFO 15184 --- [main] .s.d.r.c.RepositoryConfigurationDelegate : Finished Spring Data repository scanning in 130 ms. Found 0 Reactive Cassandra repository interfaces.
2021-05-21 11:14:12.017  INFO 15184 --- [main] .s.d.r.c.RepositoryConfigurationDelegate : Bootstrapping Spring Data Cassandra repositories in DEFAULT mode.
2021-05-21 11:14:12.214  INFO 15184 --- [main] .s.d.r.c.RepositoryConfigurationDelegate : Finished Spring Data repository scanning in 192 ms. Found 1 Cassandra repository interfaces.
2021-05-21 11:14:13.961  INFO 15184 --- [main] trationDelegate$BeanPostProcessorChecker : Bean 'org.springframework.ws.config.annotation.DelegatingWsConfiguration' of type [org.springframework.ws.config.annotation.DelegatingWsConfiguration$$EnhancerBySpringCGLIB$$4db21c8e] is not eligible for getting processed by all BeanPostProcessors (for example: not eligible for auto-proxying)
2021-05-21 11:14:14.216  INFO 15184 --- [main] .w.s.a.s.AnnotationActionEndpointMapping : Supporting [WS-Addressing August 2004, WS-Addressing 1.0]
2021-05-21 11:14:16.220  INFO 15184 --- [main] o.s.b.w.embedded.tomcat.TomcatWebServer  : Tomcat initialized with port(s): 8080 (http)
2021-05-21 11:14:16.305  INFO 15184 --- [main] o.apache.catalina.core.StandardService   : Starting service [Tomcat]
2021-05-21 11:14:16.307  INFO 15184 --- [main] org.apache.catalina.core.StandardEngine  : Starting Servlet engine: [Apache Tomcat/9.0.45]
2021-05-21 11:14:17.347  INFO 15184 --- [main] o.a.c.c.C.[Tomcat].[localhost].[/]       : Initializing Spring embedded WebApplicationContext
2021-05-21 11:14:17.349  INFO 15184 --- [main] w.s.c.ServletWebServerApplicationContext : Root WebApplicationContext: initialization completed in 12591 ms
2021-05-21 11:14:18.859  INFO 15184 --- [main] c.d.o.d.internal.core.ContactPoints      : Contact point localhost:9042 resolves to multiple addresses, will use them all ([localhost/127.0.0.1, localhost/0:0:0:0:0:0:0:1])
2021-05-21 11:14:19.483  INFO 15184 --- [main] c.d.o.d.i.core.DefaultMavenCoordinates   : DataStax Java driver for Apache Cassandra(R) (com.datastax.oss:java-driver-core) version 4.9.0
2021-05-21 11:14:22.316  INFO 15184 --- [s0-admin-0] c.d.oss.driver.internal.core.time.Clock  : Using native clock for microsecond precision
2021-05-21 11:14:25.683  WARN 15184 --- [s0-admin-0] c.d.o.d.i.c.l.h.OptionalLocalDcHelper    : [s0|default] You specified datacenter1 as the local DC, but some contact points are from a different DC: Node(endPoint=localhost/[0:0:0:0:0:0:0:1]:9042, hostId=null, hashCode=3861d374)=null; please provide the correct local DC, or check your contact points
2021-05-21 11:14:29.520  INFO 15184 --- [main] o.s.s.concurrent.ThreadPoolTaskExecutor  : Initializing ExecutorService 'applicationTaskExecutor'
2021-05-21 11:14:29.926  INFO 15184 --- [main] o.s.s.c.ThreadPoolTaskScheduler          : Initializing ExecutorService 'taskScheduler'
2021-05-21 11:14:30.338  INFO 15184 --- [main] o.s.b.w.embedded.tomcat.TomcatWebServer  : Tomcat started on port(s): 8080 (http) with context path ''
2021-05-21 11:14:30.342  INFO 15184 --- [main] d.s.w.p.DocumentationPluginsBootstrapper : Context refreshed
2021-05-21 11:14:30.485  INFO 15184 --- [main] d.s.w.p.DocumentationPluginsBootstrapper : Found 1 custom documentation plugin(s)
2021-05-21 11:14:30.566  INFO 15184 --- [main] s.d.s.w.s.ApiListingReferenceScanner     : Scanning for api listing references
2021-05-21 11:14:32.058  INFO 15184 --- [main] .w.c.SpringBootFinalCassandraApplication : Started SpringBootFinalCassandraApplication in 30.621 seconds (JVM running for 39.155)
2021-05-21 11:21:50.516  INFO 15184 --- [RMI TCP Connection(17)-127.0.0.1] inMXBeanRegistrar$SpringApplicationAdmin : Application shutdown requested.
2021-05-21 11:21:50.692  INFO 15184 --- [RMI TCP Connection(17)-127.0.0.1] o.s.s.c.ThreadPoolTaskScheduler          : Shutting down ExecutorService 'taskScheduler'
2021-05-21 11:21:50.696  INFO 15184 --- [RMI TCP Connection(17)-127.0.0.1] o.s.s.concurrent.ThreadPoolTaskExecutor  : Shutting down ExecutorService 'applicationTaskExecutor'
2021-05-21 11:22:21.505  INFO 10996 --- [main] .w.c.SpringBootFinalCassandraApplication : Starting SpringBootFinalCassandraApplication using Java 15.0.2 on DESKTOP-QS7G212 with PID 10996 (C:\Users\hp\Documents\workspace-spring-tool-suite-4-4.10.0.RELEASE\spring-boot-final-cassandra\target\classes started by hp in C:\Users\hp\Documents\workspace-spring-tool-suite-4-4.10.0.RELEASE\spring-boot-final-cassandra)
2021-05-21 11:22:21.527  INFO 10996 --- [main] .w.c.SpringBootFinalCassandraApplication : No active profile set, falling back to default profiles: default
2021-05-21 11:22:27.081  INFO 10996 --- [main] .s.d.r.c.RepositoryConfigurationDelegate : Bootstrapping Spring Data Reactive Cassandra repositories in DEFAULT mode.
2021-05-21 11:22:27.294  INFO 10996 --- [main] .s.d.r.c.RepositoryConfigurationDelegate : Finished Spring Data repository scanning in 197 ms. Found 0 Reactive Cassandra repository interfaces.
2021-05-21 11:22:27.346  INFO 10996 --- [main] .s.d.r.c.RepositoryConfigurationDelegate : Bootstrapping Spring Data Cassandra repositories in DEFAULT mode.
2021-05-21 11:22:27.515  INFO 10996 --- [main] .s.d.r.c.RepositoryConfigurationDelegate : Finished Spring Data repository scanning in 167 ms. Found 1 Cassandra repository interfaces.
2021-05-21 11:22:28.768  INFO 10996 --- [main] trationDelegate$BeanPostProcessorChecker : Bean 'org.springframework.ws.config.annotation.DelegatingWsConfiguration' of type [org.springframework.ws.config.annotation.DelegatingWsConfiguration$$EnhancerBySpringCGLIB$$b247ba42] is not eligible for getting processed by all BeanPostProcessors (for example: not eligible for auto-proxying)
2021-05-21 11:22:29.067  INFO 10996 --- [main] .w.s.a.s.AnnotationActionEndpointMapping : Supporting [WS-Addressing August 2004, WS-Addressing 1.0]
2021-05-21 11:22:30.663  INFO 10996 --- [main] o.s.b.w.embedded.tomcat.TomcatWebServer  : Tomcat initialized with port(s): 8080 (http)
2021-05-21 11:22:30.723  INFO 10996 --- [main] o.apache.catalina.core.StandardService   : Starting service [Tomcat]
2021-05-21 11:22:30.724  INFO 10996 --- [main] org.apache.catalina.core.StandardEngine  : Starting Servlet engine: [Apache Tomcat/9.0.45]
2021-05-21 11:22:31.486  INFO 10996 --- [main] o.a.c.c.C.[Tomcat].[localhost].[/]       : Initializing Spring embedded WebApplicationContext
2021-05-21 11:22:31.489  INFO 10996 --- [main] w.s.c.ServletWebServerApplicationContext : Root WebApplicationContext: initialization completed in 9701 ms
2021-05-21 11:22:33.523  INFO 10996 --- [main] c.d.o.d.internal.core.ContactPoints      : Contact point localhost:9042 resolves to multiple addresses, will use them all ([localhost/127.0.0.1, localhost/0:0:0:0:0:0:0:1])
2021-05-21 11:22:34.218  INFO 10996 --- [main] c.d.o.d.i.core.DefaultMavenCoordinates   : DataStax Java driver for Apache Cassandra(R) (com.datastax.oss:java-driver-core) version 4.9.0
2021-05-21 11:22:36.591  INFO 10996 --- [s0-admin-0] c.d.oss.driver.internal.core.time.Clock  : Using native clock for microsecond precision
2021-05-21 11:22:38.632  WARN 10996 --- [s0-admin-0] c.d.o.d.i.c.l.h.OptionalLocalDcHelper    : [s0|default] You specified datacenter1 as the local DC, but some contact points are from a different DC: Node(endPoint=localhost/[0:0:0:0:0:0:0:1]:9042, hostId=null, hashCode=3861d374)=null; please provide the correct local DC, or check your contact points
2021-05-21 11:22:42.816  INFO 10996 --- [main] o.s.s.concurrent.ThreadPoolTaskExecutor  : Initializing ExecutorService 'applicationTaskExecutor'
2021-05-21 11:22:43.227  INFO 10996 --- [main] o.s.s.c.ThreadPoolTaskScheduler          : Initializing ExecutorService 'taskScheduler'
2021-05-21 11:22:43.608  INFO 10996 --- [main] o.s.b.w.embedded.tomcat.TomcatWebServer  : Tomcat started on port(s): 8080 (http) with context path ''
2021-05-21 11:22:43.611  INFO 10996 --- [main] d.s.w.p.DocumentationPluginsBootstrapper : Context refreshed
2021-05-21 11:22:43.790  INFO 10996 --- [main] d.s.w.p.DocumentationPluginsBootstrapper : Found 1 custom documentation plugin(s)
2021-05-21 11:22:43.890  INFO 10996 --- [main] s.d.s.w.s.ApiListingReferenceScanner     : Scanning for api listing references
2021-05-21 11:22:44.791  INFO 10996 --- [main] .w.c.SpringBootFinalCassandraApplication : Started SpringBootFinalCassandraApplication in 25.506 seconds (JVM running for 31.127)
2021-05-21 11:22:52.015  INFO 10996 --- [http-nio-8080-exec-1] o.a.c.c.C.[Tomcat].[localhost].[/]       : Initializing Spring DispatcherServlet 'dispatcherServlet'
2021-05-21 11:22:52.016  INFO 10996 --- [http-nio-8080-exec-1] o.s.web.servlet.DispatcherServlet        : Initializing Servlet 'dispatcherServlet'
2021-05-21 11:22:52.034  INFO 10996 --- [http-nio-8080-exec-1] o.s.web.servlet.DispatcherServlet        : Completed initialization in 17 ms
2021-05-21 11:23:00.264  INFO 10996 --- [http-nio-8080-exec-7] c.w.c.controller.StudentController       : ** Get dummy static data to DB **
2021-05-21 11:23:00.266  INFO 10996 --- [http-nio-8080-exec-7] c.w.c.service.StudentServiceImpl         : StudentServiceImpl : method name: getAllStudent
2021-05-21 11:23:00.266  INFO 10996 --- [http-nio-8080-exec-7] c.with.cassandra.helper.StudentHelper    : Getting All The Student Data 
2021-05-21 11:23:32.006  INFO 10996 --- [http-nio-8080-exec-6] c.w.c.controller.StudentController       : ** Created dummy static data to DB **
2021-05-21 11:23:32.012  INFO 10996 --- [http-nio-8080-exec-6] c.w.c.service.StudentServiceImpl         : StudentServiceImpl : method name: create, Description: post all the Student data
2021-05-21 11:23:32.216  INFO 10996 --- [http-nio-8080-exec-6] c.with.cassandra.helper.StudentHelper    : Entry of Student Details
2021-05-21 11:23:32.225  WARN 10996 --- [s0-io-3] c.d.o.d.i.core.cql.CqlRequestHandler     : Query '[1 values] SELECT count(name) FROM Student WHERE name =? ALLOW FILTERING [v0='@abhi']' generated server side warning(s): Aggregation query used without partition key
2021-05-21 11:23:32.415  INFO 10996 --- [http-nio-8080-exec-6] c.with.cassandra.helper.StudentHelper    : Student Data was Vaild  
2021-05-21 11:23:46.762  INFO 10996 --- [http-nio-8080-exec-4] c.w.c.controller.StudentController       : ** Get dummy static data to DB **
2021-05-21 11:23:46.763  INFO 10996 --- [http-nio-8080-exec-4] c.w.c.service.StudentServiceImpl         : StudentServiceImpl : method name: getAllStudent
2021-05-21 11:23:46.764  INFO 10996 --- [http-nio-8080-exec-4] c.with.cassandra.helper.StudentHelper    : Getting All The Student Data 
2021-05-21 11:30:42.162  INFO 10996 --- [RMI TCP Connection(18)-127.0.0.1] inMXBeanRegistrar$SpringApplicationAdmin : Application shutdown requested.
2021-05-21 11:30:42.252  INFO 10996 --- [RMI TCP Connection(18)-127.0.0.1] o.s.s.c.ThreadPoolTaskScheduler          : Shutting down ExecutorService 'taskScheduler'
2021-05-21 11:30:42.254  INFO 10996 --- [RMI TCP Connection(18)-127.0.0.1] o.s.s.concurrent.ThreadPoolTaskExecutor  : Shutting down ExecutorService 'applicationTaskExecutor'
2021-05-21 11:31:13.676  INFO 12340 --- [main] .w.c.SpringBootFinalCassandraApplication : Starting SpringBootFinalCassandraApplication using Java 15.0.2 on DESKTOP-QS7G212 with PID 12340 (C:\Users\hp\Documents\workspace-spring-tool-suite-4-4.10.0.RELEASE\spring-boot-final-cassandra\target\classes started by hp in C:\Users\hp\Documents\workspace-spring-tool-suite-4-4.10.0.RELEASE\spring-boot-final-cassandra)
2021-05-21 11:31:13.696  INFO 12340 --- [main] .w.c.SpringBootFinalCassandraApplication : No active profile set, falling back to default profiles: default
2021-05-21 11:31:19.946  INFO 12340 --- [main] .s.d.r.c.RepositoryConfigurationDelegate : Bootstrapping Spring Data Reactive Cassandra repositories in DEFAULT mode.
2021-05-21 11:31:20.219  INFO 12340 --- [main] .s.d.r.c.RepositoryConfigurationDelegate : Finished Spring Data repository scanning in 239 ms. Found 0 Reactive Cassandra repository interfaces.
2021-05-21 11:31:20.245  INFO 12340 --- [main] .s.d.r.c.RepositoryConfigurationDelegate : Bootstrapping Spring Data Cassandra repositories in DEFAULT mode.
2021-05-21 11:31:20.429  INFO 12340 --- [main] .s.d.r.c.RepositoryConfigurationDelegate : Finished Spring Data repository scanning in 182 ms. Found 1 Cassandra repository interfaces.
2021-05-21 11:31:21.555  INFO 12340 --- [main] trationDelegate$BeanPostProcessorChecker : Bean 'org.springframework.ws.config.annotation.DelegatingWsConfiguration' of type [org.springframework.ws.config.annotation.DelegatingWsConfiguration$$EnhancerBySpringCGLIB$$1a21398f] is not eligible for getting processed by all BeanPostProcessors (for example: not eligible for auto-proxying)
2021-05-21 11:31:21.944  INFO 12340 --- [main] .w.s.a.s.AnnotationActionEndpointMapping : Supporting [WS-Addressing August 2004, WS-Addressing 1.0]
2021-05-21 11:31:23.566  INFO 12340 --- [main] o.s.b.w.embedded.tomcat.TomcatWebServer  : Tomcat initialized with port(s): 8080 (http)
2021-05-21 11:31:23.627  INFO 12340 --- [main] o.apache.catalina.core.StandardService   : Starting service [Tomcat]
2021-05-21 11:31:23.629  INFO 12340 --- [main] org.apache.catalina.core.StandardEngine  : Starting Servlet engine: [Apache Tomcat/9.0.45]
2021-05-21 11:31:24.663  INFO 12340 --- [main] o.a.c.c.C.[Tomcat].[localhost].[/]       : Initializing Spring embedded WebApplicationContext
2021-05-21 11:31:24.664  INFO 12340 --- [main] w.s.c.ServletWebServerApplicationContext : Root WebApplicationContext: initialization completed in 10458 ms
2021-05-21 11:31:27.243  INFO 12340 --- [main] c.d.o.d.internal.core.ContactPoints      : Contact point localhost:9042 resolves to multiple addresses, will use them all ([localhost/127.0.0.1, localhost/0:0:0:0:0:0:0:1])
2021-05-21 11:31:27.989  INFO 12340 --- [main] c.d.o.d.i.core.DefaultMavenCoordinates   : DataStax Java driver for Apache Cassandra(R) (com.datastax.oss:java-driver-core) version 4.9.0
2021-05-21 11:31:30.633  INFO 12340 --- [s0-admin-0] c.d.oss.driver.internal.core.time.Clock  : Using native clock for microsecond precision
2021-05-21 11:31:34.639  WARN 12340 --- [s0-admin-1] c.d.o.d.i.c.control.ControlConnection    : [s0] Error connecting to Node(endPoint=localhost/[0:0:0:0:0:0:0:1]:9042, hostId=null, hashCode=61b346d), trying next node (ConnectionInitException: [s0|control|connecting...] Protocol initialization request, step 1 (OPTIONS): failed to send request (io.netty.channel.StacklessClosedChannelException))
2021-05-21 11:31:35.623  WARN 12340 --- [s0-admin-0] c.d.o.d.i.c.l.h.OptionalLocalDcHelper    : [s0|default] You specified datacenter1 as the local DC, but some contact points are from a different DC: Node(endPoint=localhost/[0:0:0:0:0:0:0:1]:9042, hostId=null, hashCode=61b346d)=null; please provide the correct local DC, or check your contact points
2021-05-21 11:31:40.001  INFO 12340 --- [main] o.s.s.concurrent.ThreadPoolTaskExecutor  : Initializing ExecutorService 'applicationTaskExecutor'
2021-05-21 11:31:40.832  INFO 12340 --- [main] o.s.s.c.ThreadPoolTaskScheduler          : Initializing ExecutorService 'taskScheduler'
2021-05-21 11:31:41.226  INFO 12340 --- [main] o.s.b.w.embedded.tomcat.TomcatWebServer  : Tomcat started on port(s): 8080 (http) with context path ''
2021-05-21 11:31:41.230  INFO 12340 --- [main] d.s.w.p.DocumentationPluginsBootstrapper : Context refreshed
2021-05-21 11:31:41.319  INFO 12340 --- [main] d.s.w.p.DocumentationPluginsBootstrapper : Found 1 custom documentation plugin(s)
2021-05-21 11:31:41.389  INFO 12340 --- [main] s.d.s.w.s.ApiListingReferenceScanner     : Scanning for api listing references
2021-05-21 11:31:42.251  INFO 12340 --- [main] .w.c.SpringBootFinalCassandraApplication : Started SpringBootFinalCassandraApplication in 31.538 seconds (JVM running for 40.832)
2021-05-21 11:31:57.085  INFO 12340 --- [http-nio-8080-exec-1] o.a.c.c.C.[Tomcat].[localhost].[/]       : Initializing Spring DispatcherServlet 'dispatcherServlet'
2021-05-21 11:31:57.087  INFO 12340 --- [http-nio-8080-exec-1] o.s.web.servlet.DispatcherServlet        : Initializing Servlet 'dispatcherServlet'
2021-05-21 11:31:57.091  INFO 12340 --- [http-nio-8080-exec-1] o.s.web.servlet.DispatcherServlet        : Completed initialization in 3 ms
2021-05-21 11:32:33.870  INFO 12340 --- [http-nio-8080-exec-9] c.w.c.controller.StudentController       : ** Created dummy static data to DB **
2021-05-21 11:32:33.871  INFO 12340 --- [http-nio-8080-exec-9] c.w.c.service.StudentServiceImpl         : StudentServiceImpl : method name: create, Description: post all the Student data
2021-05-21 11:32:34.130  WARN 12340 --- [s0-io-4] c.d.o.d.i.core.cql.CqlRequestHandler     : Query '[1 values] SELECT count(name) FROM Student WHERE name =? ALLOW FILTERING [v0='@hji']' generated server side warning(s): Aggregation query used without partition key
2021-05-21 11:32:53.179  INFO 12340 --- [http-nio-8080-exec-8] c.w.c.controller.StudentController       : ** Created dummy static data to DB **
2021-05-21 11:32:53.181  INFO 12340 --- [http-nio-8080-exec-8] c.w.c.service.StudentServiceImpl         : StudentServiceImpl : method name: create, Description: post all the Student data
2021-05-21 11:32:53.193  WARN 12340 --- [s0-io-4] c.d.o.d.i.core.cql.CqlRequestHandler     : Query '[1 values] SELECT count(name) FROM Student WHERE name =? ALLOW FILTERING [v0='h@ji']' generated server side warning(s): Aggregation query used without partition key
2021-05-21 11:33:08.133  INFO 12340 --- [http-nio-8080-exec-3] c.w.c.controller.StudentController       : ** Created dummy static data to DB **
2021-05-21 11:33:08.134  INFO 12340 --- [http-nio-8080-exec-3] c.w.c.service.StudentServiceImpl         : StudentServiceImpl : method name: create, Description: post all the Student data
2021-05-21 11:33:08.147  WARN 12340 --- [s0-io-4] c.d.o.d.i.core.cql.CqlRequestHandler     : Query '[1 values] SELECT count(name) FROM Student WHERE name =? ALLOW FILTERING [v0='hji@']' generated server side warning(s): Aggregation query used without partition key
2021-05-21 11:36:15.750  INFO 12340 --- [RMI TCP Connection(13)-127.0.0.1] inMXBeanRegistrar$SpringApplicationAdmin : Application shutdown requested.
2021-05-21 11:36:16.284  INFO 12340 --- [RMI TCP Connection(13)-127.0.0.1] o.s.s.c.ThreadPoolTaskScheduler          : Shutting down ExecutorService 'taskScheduler'
2021-05-21 11:36:16.289  INFO 12340 --- [RMI TCP Connection(13)-127.0.0.1] o.s.s.concurrent.ThreadPoolTaskExecutor  : Shutting down ExecutorService 'applicationTaskExecutor'
2021-05-21 12:09:02.246  INFO 14780 --- [main] .w.c.SpringBootFinalCassandraApplication : Starting SpringBootFinalCassandraApplication using Java 15.0.2 on DESKTOP-QS7G212 with PID 14780 (C:\Users\hp\Documents\workspace-spring-tool-suite-4-4.10.0.RELEASE\spring-boot-final-cassandra\target\classes started by hp in C:\Users\hp\Documents\workspace-spring-tool-suite-4-4.10.0.RELEASE\spring-boot-final-cassandra)
2021-05-21 12:09:02.253  INFO 14780 --- [main] .w.c.SpringBootFinalCassandraApplication : No active profile set, falling back to default profiles: default
2021-05-21 12:09:04.019  INFO 14780 --- [main] .s.d.r.c.RepositoryConfigurationDelegate : Bootstrapping Spring Data Reactive Cassandra repositories in DEFAULT mode.
2021-05-21 12:09:04.111  INFO 14780 --- [main] .s.d.r.c.RepositoryConfigurationDelegate : Finished Spring Data repository scanning in 68 ms. Found 0 Reactive Cassandra repository interfaces.
2021-05-21 12:09:04.122  INFO 14780 --- [main] .s.d.r.c.RepositoryConfigurationDelegate : Bootstrapping Spring Data Cassandra repositories in DEFAULT mode.
2021-05-21 12:09:04.207  INFO 14780 --- [main] .s.d.r.c.RepositoryConfigurationDelegate : Finished Spring Data repository scanning in 84 ms. Found 1 Cassandra repository interfaces.
2021-05-21 12:09:04.725  INFO 14780 --- [main] trationDelegate$BeanPostProcessorChecker : Bean 'org.springframework.ws.config.annotation.DelegatingWsConfiguration' of type [org.springframework.ws.config.annotation.DelegatingWsConfiguration$$EnhancerBySpringCGLIB$$c201939] is not eligible for getting processed by all BeanPostProcessors (for example: not eligible for auto-proxying)
2021-05-21 12:09:04.803  INFO 14780 --- [main] .w.s.a.s.AnnotationActionEndpointMapping : Supporting [WS-Addressing August 2004, WS-Addressing 1.0]
2021-05-21 12:09:05.431  INFO 14780 --- [main] o.s.b.w.embedded.tomcat.TomcatWebServer  : Tomcat initialized with port(s): 8080 (http)
2021-05-21 12:09:05.447  INFO 14780 --- [main] o.apache.catalina.core.StandardService   : Starting service [Tomcat]
2021-05-21 12:09:05.447  INFO 14780 --- [main] org.apache.catalina.core.StandardEngine  : Starting Servlet engine: [Apache Tomcat/9.0.45]
2021-05-21 12:09:05.652  INFO 14780 --- [main] o.a.c.c.C.[Tomcat].[localhost].[/]       : Initializing Spring embedded WebApplicationContext
2021-05-21 12:09:05.653  INFO 14780 --- [main] w.s.c.ServletWebServerApplicationContext : Root WebApplicationContext: initialization completed in 3147 ms
2021-05-21 12:09:06.445  INFO 14780 --- [main] c.d.o.d.internal.core.ContactPoints      : Contact point localhost:9042 resolves to multiple addresses, will use them all ([localhost/127.0.0.1, localhost/0:0:0:0:0:0:0:1])
2021-05-21 12:09:06.905  INFO 14780 --- [main] c.d.o.d.i.core.DefaultMavenCoordinates   : DataStax Java driver for Apache Cassandra(R) (com.datastax.oss:java-driver-core) version 4.9.0
2021-05-21 12:09:08.207  INFO 14780 --- [s0-admin-0] c.d.oss.driver.internal.core.time.Clock  : Using native clock for microsecond precision
2021-05-21 12:09:10.696  WARN 14780 --- [s0-admin-1] c.d.o.d.i.c.control.ControlConnection    : [s0] Error connecting to Node(endPoint=localhost/[0:0:0:0:0:0:0:1]:9042, hostId=null, hashCode=33a0afe3), trying next node (ConnectionInitException: [s0|control|connecting...] Protocol initialization request, step 1 (OPTIONS): failed to send request (io.netty.channel.StacklessClosedChannelException))
2021-05-21 12:09:11.101  WARN 14780 --- [s0-admin-0] c.d.o.d.i.c.l.h.OptionalLocalDcHelper    : [s0|default] You specified datacenter1 as the local DC, but some contact points are from a different DC: Node(endPoint=localhost/[0:0:0:0:0:0:0:1]:9042, hostId=null, hashCode=33a0afe3)=null; please provide the correct local DC, or check your contact points
2021-05-21 12:09:13.255  INFO 14780 --- [main] o.s.s.concurrent.ThreadPoolTaskExecutor  : Initializing ExecutorService 'applicationTaskExecutor'
2021-05-21 12:09:13.473  INFO 14780 --- [main] o.s.s.c.ThreadPoolTaskScheduler          : Initializing ExecutorService 'taskScheduler'
2021-05-21 12:09:13.650  INFO 14780 --- [main] o.s.b.w.embedded.tomcat.TomcatWebServer  : Tomcat started on port(s): 8080 (http) with context path ''
2021-05-21 12:09:13.652  INFO 14780 --- [main] d.s.w.p.DocumentationPluginsBootstrapper : Context refreshed
2021-05-21 12:09:13.721  INFO 14780 --- [main] d.s.w.p.DocumentationPluginsBootstrapper : Found 1 custom documentation plugin(s)
2021-05-21 12:09:13.760  INFO 14780 --- [main] s.d.s.w.s.ApiListingReferenceScanner     : Scanning for api listing references
2021-05-21 12:09:14.363  INFO 14780 --- [main] .w.c.SpringBootFinalCassandraApplication : Started SpringBootFinalCassandraApplication in 12.917 seconds (JVM running for 14.865)
2021-05-21 12:09:22.551  INFO 14780 --- [http-nio-8080-exec-3] o.a.c.c.C.[Tomcat].[localhost].[/]       : Initializing Spring DispatcherServlet 'dispatcherServlet'
2021-05-21 12:09:22.552  INFO 14780 --- [http-nio-8080-exec-3] o.s.web.servlet.DispatcherServlet        : Initializing Servlet 'dispatcherServlet'
2021-05-21 12:09:22.555  INFO 14780 --- [http-nio-8080-exec-3] o.s.web.servlet.DispatcherServlet        : Completed initialization in 3 ms
2021-05-21 12:09:33.341  INFO 14780 --- [http-nio-8080-exec-10] c.w.c.controller.StudentController       : ** Get dummy static data to DB **
2021-05-21 12:09:33.342  INFO 14780 --- [http-nio-8080-exec-10] c.w.c.service.StudentServiceImpl         : StudentServiceImpl : method name: getAllStudent
2021-05-21 12:09:33.343  INFO 14780 --- [http-nio-8080-exec-10] c.with.cassandra.helper.StudentHelper    : Getting All The Student Data 
2021-05-21 12:09:45.563  INFO 14780 --- [http-nio-8080-exec-4] c.w.c.controller.StudentController       : ** Deleted dummy static data to DB **
2021-05-21 12:09:45.564  INFO 14780 --- [http-nio-8080-exec-4] c.w.c.service.StudentServiceImpl         : StudentServiceImpl : method name: delete, Description: deleted  the Student data
2021-05-21 12:09:45.565  INFO 14780 --- [http-nio-8080-exec-4] c.with.cassandra.helper.StudentHelper    :  Deleted Student details
2021-05-21 12:09:45.700  INFO 14780 --- [http-nio-8080-exec-4] c.with.cassandra.helper.StudentHelper    : Deleted Student Data was Valid
2021-05-21 12:10:36.215  INFO 14780 --- [http-nio-8080-exec-6] c.w.c.controller.StudentController       : ** Get dummy static data to DB **
2021-05-21 12:10:36.217  INFO 14780 --- [http-nio-8080-exec-6] c.w.c.service.StudentServiceImpl         : StudentServiceImpl : method name: getAllStudent
2021-05-21 12:10:36.218  INFO 14780 --- [http-nio-8080-exec-6] c.with.cassandra.helper.StudentHelper    : Getting All The Student Data 
2021-05-21 12:10:49.428  INFO 14780 --- [http-nio-8080-exec-7] c.w.c.controller.StudentController       : ** Deleted dummy static data to DB **
2021-05-21 12:10:49.429  INFO 14780 --- [http-nio-8080-exec-7] c.w.c.service.StudentServiceImpl         : StudentServiceImpl : method name: delete, Description: deleted  the Student data
2021-05-21 12:10:49.430  INFO 14780 --- [http-nio-8080-exec-7] c.with.cassandra.helper.StudentHelper    :  Deleted Student details
2021-05-21 12:10:49.905  INFO 14780 --- [http-nio-8080-exec-7] c.with.cassandra.helper.StudentHelper    : Deleted Student Data was Valid
2021-05-21 12:11:37.473  INFO 14780 --- [http-nio-8080-exec-2] c.w.c.controller.StudentController       : ** Get dummy static data to DB **
2021-05-21 12:11:37.475  INFO 14780 --- [http-nio-8080-exec-2] c.w.c.service.StudentServiceImpl         : StudentServiceImpl : method name: getAllStudent
2021-05-21 12:11:37.476  INFO 14780 --- [http-nio-8080-exec-2] c.with.cassandra.helper.StudentHelper    : Getting All The Student Data 
2021-05-21 12:12:03.108  INFO 14780 --- [http-nio-8080-exec-10] c.w.c.controller.StudentController       : ** Created dummy static data to DB **
2021-05-21 12:12:03.109  INFO 14780 --- [http-nio-8080-exec-10] c.w.c.service.StudentServiceImpl         : StudentServiceImpl : method name: create, Description: post all the Student data
2021-05-21 12:12:03.144  WARN 14780 --- [s0-io-4] c.d.o.d.i.core.cql.CqlRequestHandler     : Query '[1 values] SELECT count(name) FROM Student WHERE name =? ALLOW FILTERING [v0='@string']' generated server side warning(s): Aggregation query used without partition key
2021-05-21 12:15:17.603  INFO 14780 --- [http-nio-8080-exec-9] c.w.c.controller.StudentController       : ** Created dummy static data to DB **
2021-05-21 12:15:17.604  INFO 14780 --- [http-nio-8080-exec-9] c.w.c.service.StudentServiceImpl         : StudentServiceImpl : method name: create, Description: post all the Student data
2021-05-21 12:15:17.619  WARN 14780 --- [s0-io-4] c.d.o.d.i.core.cql.CqlRequestHandler     : Query '[1 values] SELECT count(name) FROM Student WHERE name =? ALLOW FILTERING [v0='st#ing']' generated server side warning(s): Aggregation query used without partition key
2021-05-21 12:15:29.727  INFO 14780 --- [http-nio-8080-exec-8] c.w.c.controller.StudentController       : ** Created dummy static data to DB **
2021-05-21 12:15:29.728  INFO 14780 --- [http-nio-8080-exec-8] c.w.c.service.StudentServiceImpl         : StudentServiceImpl : method name: create, Description: post all the Student data
2021-05-21 12:15:29.741  WARN 14780 --- [s0-io-4] c.d.o.d.i.core.cql.CqlRequestHandler     : Query '[1 values] SELECT count(name) FROM Student WHERE name =? ALLOW FILTERING [v0='sting#']' generated server side warning(s): Aggregation query used without partition key
2021-05-21 13:28:26.167  INFO 14780 --- [http-nio-8080-exec-3] c.w.c.controller.StudentController       : ** Get dummy static data to DB **
2021-05-21 13:28:26.176  INFO 14780 --- [http-nio-8080-exec-3] c.w.c.service.StudentServiceImpl         : StudentServiceImpl : method name: getAllStudent
2021-05-21 13:28:26.187  INFO 14780 --- [http-nio-8080-exec-3] c.with.cassandra.helper.StudentHelper    : Getting All The Student Data 
2021-05-21 13:28:37.898  INFO 14780 --- [http-nio-8080-exec-6] c.w.c.controller.StudentController       : ** Deleted dummy static data to DB **
2021-05-21 13:28:37.899  INFO 14780 --- [http-nio-8080-exec-6] c.w.c.service.StudentServiceImpl         : StudentServiceImpl : method name: delete, Description: deleted  the Student data
2021-05-21 13:28:37.900  INFO 14780 --- [http-nio-8080-exec-6] c.with.cassandra.helper.StudentHelper    :  Deleted Student details
2021-05-21 13:28:37.930  INFO 14780 --- [http-nio-8080-exec-6] c.with.cassandra.helper.StudentHelper    : Deleted Student Data was Valid
2021-05-21 13:28:48.641  INFO 14780 --- [http-nio-8080-exec-7] c.w.c.controller.StudentController       : ** Get dummy static data to DB **
2021-05-21 13:28:48.642  INFO 14780 --- [http-nio-8080-exec-7] c.w.c.service.StudentServiceImpl         : StudentServiceImpl : method name: getAllStudent
2021-05-21 13:28:48.643  INFO 14780 --- [http-nio-8080-exec-7] c.with.cassandra.helper.StudentHelper    : Getting All The Student Data 
2021-05-21 13:29:21.548  INFO 14780 --- [http-nio-8080-exec-2] c.w.c.controller.StudentController       : ** Created dummy static data to DB **
2021-05-21 13:29:21.550  INFO 14780 --- [http-nio-8080-exec-2] c.w.c.service.StudentServiceImpl         : StudentServiceImpl : method name: create, Description: post all the Student data
2021-05-21 13:29:21.564  WARN 14780 --- [s0-io-4] c.d.o.d.i.core.cql.CqlRequestHandler     : Query '[1 values] SELECT count(name) FROM Student WHERE name =? ALLOW FILTERING [v0='Abhishek']' generated server side warning(s): Aggregation query used without partition key
2021-05-21 13:29:21.566  INFO 14780 --- [http-nio-8080-exec-2] c.with.cassandra.helper.StudentHelper    : Entry of Student Details
2021-05-21 13:29:21.784  INFO 14780 --- [http-nio-8080-exec-2] c.with.cassandra.helper.StudentHelper    : Student Data was Vaild  
2021-05-21 13:29:36.648  INFO 14780 --- [http-nio-8080-exec-4] c.w.c.controller.StudentController       : ** Get dummy static data to DB **
2021-05-21 13:29:36.649  INFO 14780 --- [http-nio-8080-exec-4] c.w.c.service.StudentServiceImpl         : StudentServiceImpl : method name: getAllStudent
2021-05-21 13:29:36.650  INFO 14780 --- [http-nio-8080-exec-4] c.with.cassandra.helper.StudentHelper    : Getting All The Student Data 
2021-05-21 13:30:04.494  INFO 14780 --- [http-nio-8080-exec-9] c.w.c.controller.StudentController       : ** Created dummy static data to DB **
2021-05-21 13:30:04.495  INFO 14780 --- [http-nio-8080-exec-9] c.w.c.service.StudentServiceImpl         : StudentServiceImpl : method name: create, Description: post all the Student data
2021-05-21 13:30:04.510  WARN 14780 --- [s0-io-4] c.d.o.d.i.core.cql.CqlRequestHandler     : Query '[1 values] SELECT count(name) FROM Student WHERE name =? ALLOW FILTERING [v0='nilesh']' generated server side warning(s): Aggregation query used without partition key
2021-05-21 13:30:04.512  INFO 14780 --- [http-nio-8080-exec-9] c.with.cassandra.helper.StudentHelper    : Entry of Student Details
2021-05-21 13:30:04.524  INFO 14780 --- [http-nio-8080-exec-9] c.with.cassandra.helper.StudentHelper    : Student Data was Vaild  
2021-05-21 13:30:10.228  INFO 14780 --- [http-nio-8080-exec-8] c.w.c.controller.StudentController       : ** Get dummy static data to DB **
2021-05-21 13:30:10.230  INFO 14780 --- [http-nio-8080-exec-8] c.w.c.service.StudentServiceImpl         : StudentServiceImpl : method name: getAllStudent
2021-05-21 13:30:10.232  INFO 14780 --- [http-nio-8080-exec-8] c.with.cassandra.helper.StudentHelper    : Getting All The Student Data 
2021-05-21 13:30:44.103  INFO 14780 --- [http-nio-8080-exec-1] c.w.c.controller.StudentController       : ** Updated dummy static data to DB **
2021-05-21 13:30:44.105  INFO 14780 --- [http-nio-8080-exec-1] c.w.c.service.StudentServiceImpl         : StudentServiceImpl : method name: update, Description: update the Student data
2021-05-21 13:30:44.106  INFO 14780 --- [http-nio-8080-exec-1] c.with.cassandra.helper.StudentHelper    : Updated Student Details
2021-05-21 13:30:44.112  INFO 14780 --- [http-nio-8080-exec-1] c.with.cassandra.helper.StudentHelper    :  Updated Student Data was Valid
2021-05-21 13:30:53.879  INFO 14780 --- [http-nio-8080-exec-5] c.w.c.controller.StudentController       : ** Get dummy static data to DB **
2021-05-21 13:30:53.880  INFO 14780 --- [http-nio-8080-exec-5] c.w.c.service.StudentServiceImpl         : StudentServiceImpl : method name: getAllStudent
2021-05-21 13:30:53.881  INFO 14780 --- [http-nio-8080-exec-5] c.with.cassandra.helper.StudentHelper    : Getting All The Student Data 
2021-05-21 13:31:35.616  INFO 14780 --- [http-nio-8080-exec-3] c.w.c.controller.StudentController       : ** Updated dummy static data to DB **
2021-05-21 13:31:35.617  INFO 14780 --- [http-nio-8080-exec-3] c.w.c.service.StudentServiceImpl         : StudentServiceImpl : method name: update, Description: update the Student data
2021-05-21 13:31:35.618  INFO 14780 --- [http-nio-8080-exec-3] c.with.cassandra.helper.StudentHelper    : Updated Student Details
2021-05-21 13:31:35.625  INFO 14780 --- [http-nio-8080-exec-3] c.with.cassandra.helper.StudentHelper    :  Updated Student Data was Valid
2021-05-21 13:31:44.787  INFO 14780 --- [http-nio-8080-exec-6] c.w.c.controller.StudentController       : ** Get dummy static data to DB **
2021-05-21 13:31:44.788  INFO 14780 --- [http-nio-8080-exec-6] c.w.c.service.StudentServiceImpl         : StudentServiceImpl : method name: getAllStudent
2021-05-21 13:31:44.788  INFO 14780 --- [http-nio-8080-exec-6] c.with.cassandra.helper.StudentHelper    : Getting All The Student Data 
2021-05-21 13:32:16.292  INFO 14780 --- [http-nio-8080-exec-7] c.w.c.controller.StudentController       : ** Updated dummy static data to DB **
2021-05-21 13:32:16.293  INFO 14780 --- [http-nio-8080-exec-7] c.w.c.service.StudentServiceImpl         : StudentServiceImpl : method name: update, Description: update the Student data
2021-05-21 13:32:16.294  INFO 14780 --- [http-nio-8080-exec-7] c.w.c.service.StudentServiceImpl         : You have enter invaild data
2021-05-21 13:32:36.551  WARN 14780 --- [http-nio-8080-exec-2] .w.s.m.s.DefaultHandlerExceptionResolver : Resolved [org.springframework.http.converter.HttpMessageNotReadableException: JSON parse error: Unexpected character ('i' (code 105)): was expecting double-quote to start field name; nested exception is com.fasterxml.jackson.core.JsonParseException: Unexpected character ('i' (code 105)): was expecting double-quote to start field name
 at [Source: (PushbackInputStream); line: 3, column: 4]]
2021-05-21 13:32:50.868  WARN 14780 --- [http-nio-8080-exec-10] .w.s.m.s.DefaultHandlerExceptionResolver : Resolved [org.springframework.http.converter.HttpMessageNotReadableException: JSON parse error: Unexpected character ('=' (code 61)): was expecting a colon to separate field name and value; nested exception is com.fasterxml.jackson.core.JsonParseException: Unexpected character ('=' (code 61)): was expecting a colon to separate field name and value
 at [Source: (PushbackInputStream); line: 3, column: 8]]
2021-05-21 13:33:08.357  WARN 14780 --- [http-nio-8080-exec-4] .w.s.m.s.DefaultHandlerExceptionResolver : Resolved [org.springframework.http.converter.HttpMessageNotReadableException: JSON parse error: Unexpected character (''' (code 39)): expected a valid value (JSON String, Number, Array, Object or token 'null', 'true' or 'false'); nested exception is com.fasterxml.jackson.core.JsonParseException: Unexpected character (''' (code 39)): expected a valid value (JSON String, Number, Array, Object or token 'null', 'true' or 'false')
 at [Source: (PushbackInputStream); line: 3, column: 9]]
2021-05-21 13:33:22.262  WARN 14780 --- [http-nio-8080-exec-9] .w.s.m.s.DefaultHandlerExceptionResolver : Resolved [org.springframework.http.converter.HttpMessageNotReadableException: JSON parse error: Unexpected character (',' (code 44)): expected a value; nested exception is com.fasterxml.jackson.core.JsonParseException: Unexpected character (',' (code 44)): expected a value
 at [Source: (PushbackInputStream); line: 3, column: 10]]
2021-05-21 13:33:48.500  WARN 14780 --- [http-nio-8080-exec-8] .w.s.m.s.DefaultHandlerExceptionResolver : Resolved [org.springframework.http.converter.HttpMessageNotReadableException: JSON parse error: Unexpected character (',' (code 44)): expected a value; nested exception is com.fasterxml.jackson.core.JsonParseException: Unexpected character (',' (code 44)): expected a value
 at [Source: (PushbackInputStream); line: 3, column: 10]]
2021-05-21 13:33:59.101  WARN 14780 --- [http-nio-8080-exec-5] .w.s.m.s.DefaultHandlerExceptionResolver : Resolved [org.springframework.http.converter.HttpMessageNotReadableException: JSON parse error: Unexpected character (',' (code 44)): expected a value; nested exception is com.fasterxml.jackson.core.JsonParseException: Unexpected character (',' (code 44)): expected a value
 at [Source: (PushbackInputStream); line: 3, column: 10]]
2021-05-21 13:34:11.501  WARN 14780 --- [http-nio-8080-exec-3] .w.s.m.s.DefaultHandlerExceptionResolver : Resolved [org.springframework.http.converter.HttpMessageNotReadableException: JSON parse error: Unexpected character (',' (code 44)): expected a value; nested exception is com.fasterxml.jackson.core.JsonParseException: Unexpected character (',' (code 44)): expected a value
 at [Source: (PushbackInputStream); line: 3, column: 10]]
2021-05-21 13:34:59.578  INFO 14780 --- [http-nio-8080-exec-6] c.w.c.controller.StudentController       : ** Updated dummy static data to DB **
2021-05-21 13:34:59.580  INFO 14780 --- [http-nio-8080-exec-6] c.w.c.service.StudentServiceImpl         : StudentServiceImpl : method name: update, Description: update the Student data
2021-05-21 13:34:59.581  INFO 14780 --- [http-nio-8080-exec-6] c.with.cassandra.helper.StudentHelper    : Updated Student Details
2021-05-21 13:34:59.587  INFO 14780 --- [http-nio-8080-exec-6] c.with.cassandra.helper.StudentHelper    :  Updated Student Data was Valid
2021-05-21 13:35:10.163  INFO 14780 --- [http-nio-8080-exec-7] c.w.c.controller.StudentController       : ** Get dummy static data to DB **
2021-05-21 13:35:10.164  INFO 14780 --- [http-nio-8080-exec-7] c.w.c.service.StudentServiceImpl         : StudentServiceImpl : method name: getAllStudent
2021-05-21 13:35:10.165  INFO 14780 --- [http-nio-8080-exec-7] c.with.cassandra.helper.StudentHelper    : Getting All The Student Data 
2021-05-21 13:35:32.349  INFO 14780 --- [http-nio-8080-exec-2] c.w.c.controller.StudentController       : ** Updated dummy static data to DB **
2021-05-21 13:35:32.350  INFO 14780 --- [http-nio-8080-exec-2] c.w.c.service.StudentServiceImpl         : StudentServiceImpl : method name: update, Description: update the Student data
2021-05-21 13:35:32.350  INFO 14780 --- [http-nio-8080-exec-2] c.w.c.service.StudentServiceImpl         : You have enter invaild data
2021-05-21 13:36:09.586  INFO 14780 --- [http-nio-8080-exec-10] c.w.c.controller.StudentController       : ** Deleted dummy static data to DB **
2021-05-21 13:36:09.587  INFO 14780 --- [http-nio-8080-exec-10] c.w.c.service.StudentServiceImpl         : StudentServiceImpl : method name: delete, Description: deleted  the Student data
2021-05-21 13:36:09.588  INFO 14780 --- [http-nio-8080-exec-10] c.with.cassandra.helper.StudentHelper    :  Deleted Student details
2021-05-21 13:36:09.670  INFO 14780 --- [http-nio-8080-exec-10] c.with.cassandra.helper.StudentHelper    : Deleted Student Data was Valid
2021-05-21 13:36:17.513  INFO 14780 --- [http-nio-8080-exec-4] c.w.c.controller.StudentController       : ** Deleted dummy static data to DB **
2021-05-21 13:36:17.514  INFO 14780 --- [http-nio-8080-exec-4] c.w.c.service.StudentServiceImpl         : StudentServiceImpl : method name: delete, Description: deleted  the Student data
2021-05-21 13:36:17.515  INFO 14780 --- [http-nio-8080-exec-4] c.with.cassandra.helper.StudentHelper    :  Deleted Student details
2021-05-21 13:36:17.535  INFO 14780 --- [http-nio-8080-exec-4] c.with.cassandra.helper.StudentHelper    : Deleted Student Data was Invaild
2021-05-21 13:36:32.571  INFO 14780 --- [http-nio-8080-exec-9] c.w.c.controller.StudentController       : ** Deleted dummy static data to DB **
2021-05-21 13:36:32.573  INFO 14780 --- [http-nio-8080-exec-9] c.w.c.service.StudentServiceImpl         : StudentServiceImpl : method name: delete, Description: deleted  the Student data
2021-05-21 13:36:32.576  INFO 14780 --- [http-nio-8080-exec-9] c.with.cassandra.helper.StudentHelper    :  Deleted Student details
2021-05-21 13:36:32.591  INFO 14780 --- [http-nio-8080-exec-9] c.with.cassandra.helper.StudentHelper    : Deleted Student Data was Valid
2021-05-21 14:12:40.843  INFO 14780 --- [RMI TCP Connection(131)-127.0.0.1] inMXBeanRegistrar$SpringApplicationAdmin : Application shutdown requested.
2021-05-21 14:12:42.491  INFO 14780 --- [RMI TCP Connection(131)-127.0.0.1] o.s.s.c.ThreadPoolTaskScheduler          : Shutting down ExecutorService 'taskScheduler'
2021-05-21 14:12:42.510  INFO 14780 --- [RMI TCP Connection(131)-127.0.0.1] o.s.s.concurrent.ThreadPoolTaskExecutor  : Shutting down ExecutorService 'applicationTaskExecutor'
